2023-05-01 12:42:43.143  INFO 17656 --- [main] ru.dmdev.database.pool.ConnectionPool    : Init connection pool
2023-05-01 12:42:43.269  INFO 17656 --- [main] ru.dmdev.database.pool.ConnectionPool    : Init connection pool
2023-05-01 12:42:43.447  INFO 17656 --- [main] ru.dmdev.database.pool.ConnectionPool    : Init connection pool
2023-05-01 12:42:46.429  INFO 17656 --- [SpringApplicationShutdownHook] ru.dmdev.database.pool.ConnectionPool    : Clean connection pool
2023-05-01 12:42:46.432  INFO 17656 --- [SpringApplicationShutdownHook] ru.dmdev.database.pool.ConnectionPool    : Clean connection pool
2023-05-01 12:42:46.434  INFO 17656 --- [SpringApplicationShutdownHook] ru.dmdev.database.pool.ConnectionPool    : Clean connection pool
2023-05-01 13:34:29.311  INFO 26032 --- [main] ru.dmdev.database.pool.ConnectionPool    : Init connection pool
2023-05-01 13:34:29.374  INFO 26032 --- [main] ru.dmdev.database.pool.ConnectionPool    : Init connection pool
2023-05-01 13:34:29.398  INFO 26032 --- [main] ru.dmdev.database.pool.ConnectionPool    : Init connection pool
2023-05-01 13:34:30.702  INFO 26032 --- [SpringApplicationShutdownHook] ru.dmdev.database.pool.ConnectionPool    : Clean connection pool
2023-05-01 13:34:30.706  INFO 26032 --- [SpringApplicationShutdownHook] ru.dmdev.database.pool.ConnectionPool    : Clean connection pool
2023-05-01 13:34:30.709  INFO 26032 --- [SpringApplicationShutdownHook] ru.dmdev.database.pool.ConnectionPool    : Clean connection pool
2023-05-01 13:34:47.136  INFO 26166 --- [main] ru.dmdev.database.pool.ConnectionPool    : Init connection pool
2023-05-01 13:34:47.183  INFO 26166 --- [main] ru.dmdev.database.pool.ConnectionPool    : Init connection pool
2023-05-01 13:34:47.209  INFO 26166 --- [main] ru.dmdev.database.pool.ConnectionPool    : Init connection pool
2023-05-01 13:38:50.466  INFO 26166 --- [SpringApplicationShutdownHook] ru.dmdev.database.pool.ConnectionPool    : Clean connection pool
2023-05-01 13:38:50.470  INFO 26166 --- [SpringApplicationShutdownHook] ru.dmdev.database.pool.ConnectionPool    : Clean connection pool
2023-05-01 13:38:50.471  INFO 26166 --- [SpringApplicationShutdownHook] ru.dmdev.database.pool.ConnectionPool    : Clean connection pool
2023-05-01 13:39:00.749  INFO 26907 --- [main] ru.dmdev.database.pool.ConnectionPool    : Init connection pool
2023-05-01 13:39:00.814  INFO 26907 --- [main] ru.dmdev.database.pool.ConnectionPool    : Init connection pool
2023-05-01 13:39:00.837  INFO 26907 --- [main] ru.dmdev.database.pool.ConnectionPool    : Init connection pool
2023-05-01 13:39:05.419  INFO 26907 --- [SpringApplicationShutdownHook] ru.dmdev.database.pool.ConnectionPool    : Clean connection pool
2023-05-01 13:39:05.421  INFO 26907 --- [SpringApplicationShutdownHook] ru.dmdev.database.pool.ConnectionPool    : Clean connection pool
2023-05-01 13:39:05.421  INFO 26907 --- [SpringApplicationShutdownHook] ru.dmdev.database.pool.ConnectionPool    : Clean connection pool
2023-05-01 13:44:43.451  INFO 27979 --- [main] ru.dmdev.database.pool.ConnectionPool    : Init connection pool
2023-05-01 13:44:43.525  INFO 27979 --- [main] ru.dmdev.database.pool.ConnectionPool    : Init connection pool
2023-05-01 13:44:43.553  INFO 27979 --- [main] ru.dmdev.database.pool.ConnectionPool    : Init connection pool
2023-05-01 13:47:18.289  INFO 27979 --- [SpringApplicationShutdownHook] ru.dmdev.database.pool.ConnectionPool    : Clean connection pool
2023-05-01 13:47:18.291  INFO 27979 --- [SpringApplicationShutdownHook] ru.dmdev.database.pool.ConnectionPool    : Clean connection pool
2023-05-01 13:47:18.292  INFO 27979 --- [SpringApplicationShutdownHook] ru.dmdev.database.pool.ConnectionPool    : Clean connection pool
2023-05-01 13:47:28.593  INFO 28497 --- [main] ru.dmdev.database.pool.ConnectionPool    : Init connection pool
2023-05-01 13:47:28.648  INFO 28497 --- [main] ru.dmdev.database.pool.ConnectionPool    : Init connection pool
2023-05-01 13:47:28.675  INFO 28497 --- [main] ru.dmdev.database.pool.ConnectionPool    : Init connection pool
2023-05-01 13:47:42.414  INFO 28497 --- [SpringApplicationShutdownHook] ru.dmdev.database.pool.ConnectionPool    : Clean connection pool
2023-05-01 13:47:42.420  INFO 28497 --- [SpringApplicationShutdownHook] ru.dmdev.database.pool.ConnectionPool    : Clean connection pool
2023-05-01 13:47:42.421  INFO 28497 --- [SpringApplicationShutdownHook] ru.dmdev.database.pool.ConnectionPool    : Clean connection pool
2023-05-01 14:34:43.027  INFO 36290 --- [main] ru.dmdev.database.pool.ConnectionPool    : Init connection pool
2023-05-01 14:34:43.066  INFO 36290 --- [main] ru.dmdev.database.pool.ConnectionPool    : Init connection pool
2023-05-01 14:34:43.090  INFO 36290 --- [main] ru.dmdev.database.pool.ConnectionPool    : Init connection pool
2023-05-01 14:34:44.119  INFO 36290 --- [SpringApplicationShutdownHook] ru.dmdev.database.pool.ConnectionPool    : Clean connection pool
2023-05-01 14:34:44.120  INFO 36290 --- [SpringApplicationShutdownHook] ru.dmdev.database.pool.ConnectionPool    : Clean connection pool
2023-05-01 14:34:44.121  INFO 36290 --- [SpringApplicationShutdownHook] ru.dmdev.database.pool.ConnectionPool    : Clean connection pool
2023-05-01 14:35:41.985  INFO 36577 --- [main] ru.dmdev.database.pool.ConnectionPool    : Init connection pool
2023-05-01 14:35:42.054  INFO 36577 --- [main] ru.dmdev.database.pool.ConnectionPool    : Init connection pool
2023-05-01 14:35:42.082  INFO 36577 --- [main] ru.dmdev.database.pool.ConnectionPool    : Init connection pool
2023-05-01 14:35:43.270  INFO 36577 --- [main] ru.dmdev.database.pool.ConnectionPool    : Init connection pool
2023-05-01 14:35:43.283  INFO 36577 --- [main] ru.dmdev.database.pool.ConnectionPool    : Init connection pool
2023-05-01 14:35:43.295  INFO 36577 --- [main] ru.dmdev.database.pool.ConnectionPool    : Init connection pool
2023-05-01 14:35:43.547  INFO 36577 --- [SpringApplicationShutdownHook] ru.dmdev.database.pool.ConnectionPool    : Clean connection pool
2023-05-01 14:35:43.550  INFO 36577 --- [SpringApplicationShutdownHook] ru.dmdev.database.pool.ConnectionPool    : Clean connection pool
2023-05-01 14:35:43.550  INFO 36577 --- [SpringApplicationShutdownHook] ru.dmdev.database.pool.ConnectionPool    : Clean connection pool
2023-05-01 14:35:43.555  INFO 36577 --- [SpringApplicationShutdownHook] ru.dmdev.database.pool.ConnectionPool    : Clean connection pool
2023-05-01 14:35:43.557  INFO 36577 --- [SpringApplicationShutdownHook] ru.dmdev.database.pool.ConnectionPool    : Clean connection pool
2023-05-01 14:35:43.565  INFO 36577 --- [SpringApplicationShutdownHook] ru.dmdev.database.pool.ConnectionPool    : Clean connection pool
2023-05-01 14:36:29.161  INFO 36754 --- [main] ru.dmdev.database.pool.ConnectionPool    : Init connection pool
2023-05-01 14:36:29.197  INFO 36754 --- [main] ru.dmdev.database.pool.ConnectionPool    : Init connection pool
2023-05-01 14:36:29.220  INFO 36754 --- [main] ru.dmdev.database.pool.ConnectionPool    : Init connection pool
2023-05-01 14:36:30.112  INFO 36754 --- [SpringApplicationShutdownHook] ru.dmdev.database.pool.ConnectionPool    : Clean connection pool
2023-05-01 14:36:30.113  INFO 36754 --- [SpringApplicationShutdownHook] ru.dmdev.database.pool.ConnectionPool    : Clean connection pool
2023-05-01 14:36:30.115  INFO 36754 --- [SpringApplicationShutdownHook] ru.dmdev.database.pool.ConnectionPool    : Clean connection pool
2023-05-01 17:40:59.801  INFO 68313 --- [main] ru.dmdev.SpringBootApplicationRunner     : Starting SpringBootApplicationRunner using Java 11.0.17 on fedora with PID 68313 (/home/melchior/IdeaProjects/spring/target/classes started by melchior in /home/melchior/IdeaProjects/spring)
2023-05-01 17:40:59.805  INFO 68313 --- [main] ru.dmdev.SpringBootApplicationRunner     : The following 1 profile is active: "qa"
2023-05-01 17:41:00.667  INFO 68313 --- [main] .s.d.r.c.RepositoryConfigurationDelegate : Bootstrapping Spring Data JPA repositories in DEFAULT mode.
2023-05-01 17:41:00.697  INFO 68313 --- [main] .s.d.r.c.RepositoryConfigurationDelegate : Finished Spring Data repository scanning in 15 ms. Found 0 JPA repository interfaces.
2023-05-01 17:41:01.160  INFO 68313 --- [main] com.zaxxer.hikari.HikariDataSource       : HikariPool-1 - Starting...
2023-05-01 17:41:01.297  INFO 68313 --- [main] com.zaxxer.hikari.HikariDataSource       : HikariPool-1 - Start completed.
2023-05-01 17:41:01.350  INFO 68313 --- [main] o.hibernate.jpa.internal.util.LogHelper  : HHH000204: Processing PersistenceUnitInfo [name: default]
2023-05-01 17:41:01.401  INFO 68313 --- [main] org.hibernate.Version                    : HHH000412: Hibernate ORM core version 5.6.15.Final
2023-05-01 17:41:01.549  INFO 68313 --- [main] o.hibernate.annotations.common.Version   : HCANN000001: Hibernate Commons Annotations {5.1.2.Final}
2023-05-01 17:41:01.727  INFO 68313 --- [main] org.hibernate.dialect.Dialect            : HHH000400: Using dialect: org.hibernate.dialect.PostgreSQL10Dialect
2023-05-01 17:41:01.961  INFO 68313 --- [main] o.h.e.t.j.p.i.JtaPlatformInitiator       : HHH000490: Using JtaPlatform implementation: [org.hibernate.engine.transaction.jta.platform.internal.NoJtaPlatform]
2023-05-01 17:41:01.973  INFO 68313 --- [main] j.LocalContainerEntityManagerFactoryBean : Initialized JPA EntityManagerFactory for persistence unit 'default'
2023-05-01 17:41:01.982  INFO 68313 --- [main] ru.dmdev.config.JpaConfiguration         : Jpa configuration is enabled
2023-05-01 17:41:01.991  INFO 68313 --- [main] ru.dmdev.database.pool.ConnectionPool    : Init connection pool
2023-05-01 17:41:02.036  INFO 68313 --- [main] ru.dmdev.database.pool.ConnectionPool    : Init connection pool
2023-05-01 17:41:02.046  INFO 68313 --- [main] ru.dmdev.database.pool.ConnectionPool    : Init connection pool
2023-05-01 17:41:02.402  INFO 68313 --- [main] ru.dmdev.SpringBootApplicationRunner     : Started SpringBootApplicationRunner in 3.508 seconds (JVM running for 5.337)
2023-05-01 17:41:02.529  INFO 68313 --- [SpringApplicationShutdownHook] ru.dmdev.database.pool.ConnectionPool    : Clean connection pool
2023-05-01 17:41:02.536  INFO 68313 --- [SpringApplicationShutdownHook] ru.dmdev.database.pool.ConnectionPool    : Clean connection pool
2023-05-01 17:41:02.543  INFO 68313 --- [SpringApplicationShutdownHook] ru.dmdev.database.pool.ConnectionPool    : Clean connection pool
2023-05-01 17:41:02.544  INFO 68313 --- [SpringApplicationShutdownHook] j.LocalContainerEntityManagerFactoryBean : Closing JPA EntityManagerFactory for persistence unit 'default'
2023-05-01 17:41:02.551  INFO 68313 --- [SpringApplicationShutdownHook] com.zaxxer.hikari.HikariDataSource       : HikariPool-1 - Shutdown initiated...
2023-05-01 17:41:02.591  INFO 68313 --- [SpringApplicationShutdownHook] com.zaxxer.hikari.HikariDataSource       : HikariPool-1 - Shutdown completed.
